0 info it worked if it ends with ok
1 verbose cli [ 'node',
1 verbose cli   '/usr/bin/npm',
1 verbose cli   '--python=/usr/bin/python2',
1 verbose cli   'i',
1 verbose cli   '-S',
1 verbose cli   'ejs' ]
2 info using npm@2.14.0
3 info using node@v0.12.7
4 verbose install initial load of /home/overfl0w/projects/personal/buycraft/root/package.json
5 verbose stack Error: Invalid name: "<%= S(name).dasherize().value() %>"
5 verbose stack     at ensureValidName (/usr/lib/node_modules/npm/node_modules/normalize-package-data/lib/fixer.js:331:15)
5 verbose stack     at Object.module.exports.fixNameField (/usr/lib/node_modules/npm/node_modules/normalize-package-data/lib/fixer.js:210:5)
5 verbose stack     at /usr/lib/node_modules/npm/node_modules/normalize-package-data/lib/normalize.js:32:38
5 verbose stack     at Array.forEach (native)
5 verbose stack     at normalize (/usr/lib/node_modules/npm/node_modules/normalize-package-data/lib/normalize.js:31:15)
5 verbose stack     at final (/usr/lib/node_modules/npm/node_modules/read-package-json/read-json.js:338:5)
5 verbose stack     at then (/usr/lib/node_modules/npm/node_modules/read-package-json/read-json.js:113:5)
5 verbose stack     at /usr/lib/node_modules/npm/node_modules/read-package-json/read-json.js:232:12
5 verbose stack     at evalmachine.<anonymous>:334:14
5 verbose stack     at /usr/lib/node_modules/npm/node_modules/read-package-json/node_modules/graceful-fs/graceful-fs.js:102:5
6 verbose cwd /home/overfl0w/projects/personal/buycraft/root
7 error Linux 4.1.6-1-ARCH
8 error argv "node" "/usr/bin/npm" "--python=/usr/bin/python2" "i" "-S" "ejs"
9 error node v0.12.7
10 error npm  v2.14.0
11 error Invalid name: "<%= S(name).dasherize().value() %>"
12 error If you need help, you may report this error at:
12 error     <https://github.com/npm/npm/issues>
13 verbose exit [ 1, true ]
